{"C:\\Users\\FCHERQUI\\Desktop\\test-automation-project\\backend\\server.js": {"path":"C:\\Users\\FCHERQUI\\Desktop\\test-automation-project\\backend\\server.js","statementMap":{"0":{"start":{"line":1,"column":16},"end":{"line":1,"column":34}},"1":{"start":{"line":2,"column":13},"end":{"line":2,"column":28}},"2":{"start":{"line":3,"column":15},"end":{"line":3,"column":34}},"3":{"start":{"line":4,"column":12},"end":{"line":4,"column":35}},"4":{"start":{"line":5,"column":35},"end":{"line":5,"column":63}},"5":{"start":{"line":7,"column":12},"end":{"line":7,"column":21}},"6":{"start":{"line":8,"column":13},"end":{"line":8,"column":37}},"7":{"start":{"line":9,"column":19},"end":{"line":9,"column":62}},"8":{"start":{"line":12,"column":0},"end":{"line":12,"column":16}},"9":{"start":{"line":13,"column":0},"end":{"line":13,"column":24}},"10":{"start":{"line":16,"column":12},"end":{"line":20,"column":1}},"11":{"start":{"line":22,"column":14},"end":{"line":29,"column":1}},"12":{"start":{"line":31,"column":17},"end":{"line":31,"column":18}},"13":{"start":{"line":34,"column":26},"end":{"line":49,"column":1}},"14":{"start":{"line":35,"column":21},"end":{"line":35,"column":49}},"15":{"start":{"line":36,"column":16},"end":{"line":36,"column":54}},"16":{"start":{"line":38,"column":2},"end":{"line":40,"column":3}},"17":{"start":{"line":39,"column":4},"end":{"line":39,"column":68}},"18":{"start":{"line":42,"column":2},"end":{"line":48,"column":5}},"19":{"start":{"line":43,"column":4},"end":{"line":45,"column":5}},"20":{"start":{"line":44,"column":6},"end":{"line":44,"column":73}},"21":{"start":{"line":46,"column":4},"end":{"line":46,"column":20}},"22":{"start":{"line":47,"column":4},"end":{"line":47,"column":11}},"23":{"start":{"line":52,"column":0},"end":{"line":88,"column":3}},"24":{"start":{"line":56,"column":2},"end":{"line":87,"column":3}},"25":{"start":{"line":57,"column":19},"end":{"line":57,"column":40}},"26":{"start":{"line":58,"column":4},"end":{"line":60,"column":5}},"27":{"start":{"line":59,"column":6},"end":{"line":59,"column":62}},"28":{"start":{"line":62,"column":35},"end":{"line":62,"column":43}},"29":{"start":{"line":63,"column":17},"end":{"line":63,"column":57}},"30":{"start":{"line":63,"column":33},"end":{"line":63,"column":56}},"31":{"start":{"line":65,"column":4},"end":{"line":67,"column":5}},"32":{"start":{"line":66,"column":6},"end":{"line":66,"column":68}},"33":{"start":{"line":69,"column":26},"end":{"line":69,"column":71}},"34":{"start":{"line":70,"column":4},"end":{"line":72,"column":5}},"35":{"start":{"line":71,"column":6},"end":{"line":71,"column":68}},"36":{"start":{"line":74,"column":18},"end":{"line":78,"column":5}},"37":{"start":{"line":80,"column":4},"end":{"line":84,"column":7}},"38":{"start":{"line":86,"column":4},"end":{"line":86,"column":52}},"39":{"start":{"line":91,"column":0},"end":{"line":94,"column":3}},"40":{"start":{"line":92,"column":20},"end":{"line":92,"column":69}},"41":{"start":{"line":92,"column":41},"end":{"line":92,"column":68}},"42":{"start":{"line":93,"column":2},"end":{"line":93,"column":22}},"43":{"start":{"line":96,"column":0},"end":{"line":105,"column":3}},"44":{"start":{"line":97,"column":13},"end":{"line":97,"column":36}},"45":{"start":{"line":98,"column":15},"end":{"line":98,"column":71}},"46":{"start":{"line":98,"column":31},"end":{"line":98,"column":70}},"47":{"start":{"line":100,"column":2},"end":{"line":102,"column":3}},"48":{"start":{"line":101,"column":4},"end":{"line":101,"column":61}},"49":{"start":{"line":104,"column":2},"end":{"line":104,"column":17}},"50":{"start":{"line":107,"column":0},"end":{"line":126,"column":3}},"51":{"start":{"line":111,"column":17},"end":{"line":111,"column":38}},"52":{"start":{"line":112,"column":2},"end":{"line":114,"column":3}},"53":{"start":{"line":113,"column":4},"end":{"line":113,"column":60}},"54":{"start":{"line":116,"column":39},"end":{"line":116,"column":47}},"55":{"start":{"line":117,"column":18},"end":{"line":122,"column":3}},"56":{"start":{"line":124,"column":2},"end":{"line":124,"column":22}},"57":{"start":{"line":125,"column":2},"end":{"line":125,"column":32}},"58":{"start":{"line":128,"column":0},"end":{"line":150,"column":3}},"59":{"start":{"line":133,"column":17},"end":{"line":133,"column":38}},"60":{"start":{"line":134,"column":2},"end":{"line":136,"column":3}},"61":{"start":{"line":135,"column":4},"end":{"line":135,"column":60}},"62":{"start":{"line":138,"column":13},"end":{"line":138,"column":36}},"63":{"start":{"line":139,"column":20},"end":{"line":139,"column":81}},"64":{"start":{"line":139,"column":41},"end":{"line":139,"column":80}},"65":{"start":{"line":141,"column":2},"end":{"line":143,"column":3}},"66":{"start":{"line":142,"column":4},"end":{"line":142,"column":61}},"67":{"start":{"line":145,"column":31},"end":{"line":145,"column":39}},"68":{"start":{"line":146,"column":2},"end":{"line":146,"column":58}},"69":{"start":{"line":146,"column":27},"end":{"line":146,"column":58}},"70":{"start":{"line":147,"column":2},"end":{"line":147,"column":70}},"71":{"start":{"line":147,"column":31},"end":{"line":147,"column":70}},"72":{"start":{"line":149,"column":2},"end":{"line":149,"column":29}},"73":{"start":{"line":152,"column":0},"end":{"line":162,"column":3}},"74":{"start":{"line":153,"column":13},"end":{"line":153,"column":36}},"75":{"start":{"line":154,"column":20},"end":{"line":154,"column":81}},"76":{"start":{"line":154,"column":41},"end":{"line":154,"column":80}},"77":{"start":{"line":156,"column":2},"end":{"line":158,"column":3}},"78":{"start":{"line":157,"column":4},"end":{"line":157,"column":61}},"79":{"start":{"line":160,"column":2},"end":{"line":160,"column":29}},"80":{"start":{"line":161,"column":2},"end":{"line":161,"column":25}},"81":{"start":{"line":165,"column":0},"end":{"line":167,"column":3}},"82":{"start":{"line":166,"column":2},"end":{"line":166,"column":66}},"83":{"start":{"line":170,"column":0},"end":{"line":172,"column":3}},"84":{"start":{"line":171,"column":2},"end":{"line":171,"column":53}},"85":{"start":{"line":175,"column":0},"end":{"line":178,"column":3}},"86":{"start":{"line":176,"column":2},"end":{"line":176,"column":27}},"87":{"start":{"line":177,"column":2},"end":{"line":177,"column":59}},"88":{"start":{"line":181,"column":0},"end":{"line":185,"column":1}},"89":{"start":{"line":182,"column":2},"end":{"line":184,"column":5}},"90":{"start":{"line":183,"column":4},"end":{"line":183,"column":50}},"91":{"start":{"line":187,"column":0},"end":{"line":187,"column":21}}},"fnMap":{"0":{"name":"(anonymous_0)","decl":{"start":{"line":34,"column":26},"end":{"line":34,"column":27}},"loc":{"start":{"line":34,"column":46},"end":{"line":49,"column":1}},"line":34},"1":{"name":"(anonymous_1)","decl":{"start":{"line":42,"column":32},"end":{"line":42,"column":33}},"loc":{"start":{"line":42,"column":47},"end":{"line":48,"column":3}},"line":42},"2":{"name":"(anonymous_2)","decl":{"start":{"line":55,"column":3},"end":{"line":55,"column":4}},"loc":{"start":{"line":55,"column":23},"end":{"line":88,"column":1}},"line":55},"3":{"name":"(anonymous_3)","decl":{"start":{"line":63,"column":28},"end":{"line":63,"column":29}},"loc":{"start":{"line":63,"column":33},"end":{"line":63,"column":56}},"line":63},"4":{"name":"(anonymous_4)","decl":{"start":{"line":91,"column":41},"end":{"line":91,"column":42}},"loc":{"start":{"line":91,"column":55},"end":{"line":94,"column":1}},"line":91},"5":{"name":"(anonymous_5)","decl":{"start":{"line":92,"column":33},"end":{"line":92,"column":34}},"loc":{"start":{"line":92,"column":41},"end":{"line":92,"column":68}},"line":92},"6":{"name":"(anonymous_6)","decl":{"start":{"line":96,"column":45},"end":{"line":96,"column":46}},"loc":{"start":{"line":96,"column":59},"end":{"line":105,"column":1}},"line":96},"7":{"name":"(anonymous_7)","decl":{"start":{"line":98,"column":26},"end":{"line":98,"column":27}},"loc":{"start":{"line":98,"column":31},"end":{"line":98,"column":70}},"line":98},"8":{"name":"(anonymous_8)","decl":{"start":{"line":110,"column":3},"end":{"line":110,"column":4}},"loc":{"start":{"line":110,"column":17},"end":{"line":126,"column":1}},"line":110},"9":{"name":"(anonymous_9)","decl":{"start":{"line":132,"column":3},"end":{"line":132,"column":4}},"loc":{"start":{"line":132,"column":17},"end":{"line":150,"column":1}},"line":132},"10":{"name":"(anonymous_10)","decl":{"start":{"line":139,"column":36},"end":{"line":139,"column":37}},"loc":{"start":{"line":139,"column":41},"end":{"line":139,"column":80}},"line":139},"11":{"name":"(anonymous_11)","decl":{"start":{"line":152,"column":48},"end":{"line":152,"column":49}},"loc":{"start":{"line":152,"column":62},"end":{"line":162,"column":1}},"line":152},"12":{"name":"(anonymous_12)","decl":{"start":{"line":154,"column":36},"end":{"line":154,"column":37}},"loc":{"start":{"line":154,"column":41},"end":{"line":154,"column":80}},"line":154},"13":{"name":"(anonymous_13)","decl":{"start":{"line":165,"column":19},"end":{"line":165,"column":20}},"loc":{"start":{"line":165,"column":33},"end":{"line":167,"column":1}},"line":165},"14":{"name":"(anonymous_14)","decl":{"start":{"line":170,"column":13},"end":{"line":170,"column":14}},"loc":{"start":{"line":170,"column":27},"end":{"line":172,"column":1}},"line":170},"15":{"name":"(anonymous_15)","decl":{"start":{"line":175,"column":8},"end":{"line":175,"column":9}},"loc":{"start":{"line":175,"column":33},"end":{"line":178,"column":1}},"line":175},"16":{"name":"(anonymous_16)","decl":{"start":{"line":182,"column":19},"end":{"line":182,"column":20}},"loc":{"start":{"line":182,"column":25},"end":{"line":184,"column":3}},"line":182}},"branchMap":{"0":{"loc":{"start":{"line":8,"column":13},"end":{"line":8,"column":37}},"type":"binary-expr","locations":[{"start":{"line":8,"column":13},"end":{"line":8,"column":29}},{"start":{"line":8,"column":33},"end":{"line":8,"column":37}}],"line":8},"1":{"loc":{"start":{"line":9,"column":19},"end":{"line":9,"column":62}},"type":"binary-expr","locations":[{"start":{"line":9,"column":19},"end":{"line":9,"column":41}},{"start":{"line":9,"column":45},"end":{"line":9,"column":62}}],"line":9},"2":{"loc":{"start":{"line":36,"column":16},"end":{"line":36,"column":54}},"type":"binary-expr","locations":[{"start":{"line":36,"column":16},"end":{"line":36,"column":26}},{"start":{"line":36,"column":30},"end":{"line":36,"column":54}}],"line":36},"3":{"loc":{"start":{"line":38,"column":2},"end":{"line":40,"column":3}},"type":"if","locations":[{"start":{"line":38,"column":2},"end":{"line":40,"column":3}},{"start":{},"end":{}}],"line":38},"4":{"loc":{"start":{"line":43,"column":4},"end":{"line":45,"column":5}},"type":"if","locations":[{"start":{"line":43,"column":4},"end":{"line":45,"column":5}},{"start":{},"end":{}}],"line":43},"5":{"loc":{"start":{"line":58,"column":4},"end":{"line":60,"column":5}},"type":"if","locations":[{"start":{"line":58,"column":4},"end":{"line":60,"column":5}},{"start":{},"end":{}}],"line":58},"6":{"loc":{"start":{"line":65,"column":4},"end":{"line":67,"column":5}},"type":"if","locations":[{"start":{"line":65,"column":4},"end":{"line":67,"column":5}},{"start":{},"end":{}}],"line":65},"7":{"loc":{"start":{"line":70,"column":4},"end":{"line":72,"column":5}},"type":"if","locations":[{"start":{"line":70,"column":4},"end":{"line":72,"column":5}},{"start":{},"end":{}}],"line":70},"8":{"loc":{"start":{"line":98,"column":31},"end":{"line":98,"column":70}},"type":"binary-expr","locations":[{"start":{"line":98,"column":31},"end":{"line":98,"column":42}},{"start":{"line":98,"column":46},"end":{"line":98,"column":70}}],"line":98},"9":{"loc":{"start":{"line":100,"column":2},"end":{"line":102,"column":3}},"type":"if","locations":[{"start":{"line":100,"column":2},"end":{"line":102,"column":3}},{"start":{},"end":{}}],"line":100},"10":{"loc":{"start":{"line":112,"column":2},"end":{"line":114,"column":3}},"type":"if","locations":[{"start":{"line":112,"column":2},"end":{"line":114,"column":3}},{"start":{},"end":{}}],"line":112},"11":{"loc":{"start":{"line":116,"column":17},"end":{"line":116,"column":34}},"type":"default-arg","locations":[{"start":{"line":116,"column":29},"end":{"line":116,"column":34}}],"line":116},"12":{"loc":{"start":{"line":134,"column":2},"end":{"line":136,"column":3}},"type":"if","locations":[{"start":{"line":134,"column":2},"end":{"line":136,"column":3}},{"start":{},"end":{}}],"line":134},"13":{"loc":{"start":{"line":139,"column":41},"end":{"line":139,"column":80}},"type":"binary-expr","locations":[{"start":{"line":139,"column":41},"end":{"line":139,"column":52}},{"start":{"line":139,"column":56},"end":{"line":139,"column":80}}],"line":139},"14":{"loc":{"start":{"line":141,"column":2},"end":{"line":143,"column":3}},"type":"if","locations":[{"start":{"line":141,"column":2},"end":{"line":143,"column":3}},{"start":{},"end":{}}],"line":141},"15":{"loc":{"start":{"line":146,"column":2},"end":{"line":146,"column":58}},"type":"if","locations":[{"start":{"line":146,"column":2},"end":{"line":146,"column":58}},{"start":{},"end":{}}],"line":146},"16":{"loc":{"start":{"line":147,"column":2},"end":{"line":147,"column":70}},"type":"if","locations":[{"start":{"line":147,"column":2},"end":{"line":147,"column":70}},{"start":{},"end":{}}],"line":147},"17":{"loc":{"start":{"line":154,"column":41},"end":{"line":154,"column":80}},"type":"binary-expr","locations":[{"start":{"line":154,"column":41},"end":{"line":154,"column":52}},{"start":{"line":154,"column":56},"end":{"line":154,"column":80}}],"line":154},"18":{"loc":{"start":{"line":156,"column":2},"end":{"line":158,"column":3}},"type":"if","locations":[{"start":{"line":156,"column":2},"end":{"line":158,"column":3}},{"start":{},"end":{}}],"line":156},"19":{"loc":{"start":{"line":181,"column":0},"end":{"line":185,"column":1}},"type":"if","locations":[{"start":{"line":181,"column":0},"end":{"line":185,"column":1}},{"start":{},"end":{}}],"line":181}},"s":{"0":1,"1":1,"2":1,"3":1,"4":1,"5":1,"6":1,"7":1,"8":1,"9":1,"10":1,"11":1,"12":1,"13":1,"14":21,"15":21,"16":21,"17":3,"18":18,"19":18,"20":1,"21":17,"22":17,"23":1,"24":31,"25":31,"26":31,"27":2,"28":29,"29":29,"30":29,"31":29,"32":1,"33":28,"34":28,"35":1,"36":27,"37":27,"38":0,"39":1,"40":1,"41":3,"42":1,"43":1,"44":3,"45":3,"46":11,"47":3,"48":2,"49":1,"50":1,"51":6,"52":6,"53":3,"54":3,"55":3,"56":3,"57":3,"58":1,"59":5,"60":5,"61":1,"62":4,"63":4,"64":8,"65":4,"66":1,"67":3,"68":3,"69":2,"70":3,"71":2,"72":3,"73":1,"74":2,"75":2,"76":11,"77":2,"78":1,"79":1,"80":1,"81":1,"82":1,"83":1,"84":1,"85":1,"86":0,"87":0,"88":1,"89":0,"90":0,"91":1},"f":{"0":21,"1":18,"2":31,"3":29,"4":1,"5":3,"6":3,"7":11,"8":6,"9":5,"10":8,"11":2,"12":11,"13":1,"14":1,"15":0,"16":0},"b":{"0":[1,1],"1":[1,1],"2":[21,18],"3":[3,18],"4":[1,17],"5":[2,29],"6":[1,28],"7":[1,27],"8":[11,1],"9":[2,1],"10":[3,3],"11":[2],"12":[1,4],"13":[8,3],"14":[1,3],"15":[2,1],"16":[2,1],"17":[11,1],"18":[1,1],"19":[0,1]},"_coverageSchema":"1a1c01bbd47fc00a2c39e90264f33305004495a9","hash":"c8ddf64f0e5ef8927ad76e48d4c6a9b2945c5407"}
}
