TN:
SF:server.js
FN:34,(anonymous_0)
FN:42,(anonymous_1)
FN:55,(anonymous_2)
FN:63,(anonymous_3)
FN:91,(anonymous_4)
FN:92,(anonymous_5)
FN:96,(anonymous_6)
FN:98,(anonymous_7)
FN:110,(anonymous_8)
FN:132,(anonymous_9)
FN:139,(anonymous_10)
FN:152,(anonymous_11)
FN:154,(anonymous_12)
FN:165,(anonymous_13)
FN:170,(anonymous_14)
FN:175,(anonymous_15)
FN:182,(anonymous_16)
FNF:17
FNH:15
FNDA:21,(anonymous_0)
FNDA:18,(anonymous_1)
FNDA:31,(anonymous_2)
FNDA:29,(anonymous_3)
FNDA:1,(anonymous_4)
FNDA:3,(anonymous_5)
FNDA:3,(anonymous_6)
FNDA:11,(anonymous_7)
FNDA:6,(anonymous_8)
FNDA:5,(anonymous_9)
FNDA:8,(anonymous_10)
FNDA:2,(anonymous_11)
FNDA:11,(anonymous_12)
FNDA:1,(anonymous_13)
FNDA:1,(anonymous_14)
FNDA:0,(anonymous_15)
FNDA:0,(anonymous_16)
DA:1,1
DA:2,1
DA:3,1
DA:4,1
DA:5,1
DA:7,1
DA:8,1
DA:9,1
DA:12,1
DA:13,1
DA:16,1
DA:22,1
DA:31,1
DA:34,1
DA:35,21
DA:36,21
DA:38,21
DA:39,3
DA:42,18
DA:43,18
DA:44,1
DA:46,17
DA:47,17
DA:52,1
DA:56,31
DA:57,31
DA:58,31
DA:59,2
DA:62,29
DA:63,29
DA:65,29
DA:66,1
DA:69,28
DA:70,28
DA:71,1
DA:74,27
DA:80,27
DA:86,0
DA:91,1
DA:92,3
DA:93,1
DA:96,1
DA:97,3
DA:98,11
DA:100,3
DA:101,2
DA:104,1
DA:107,1
DA:111,6
DA:112,6
DA:113,3
DA:116,3
DA:117,3
DA:124,3
DA:125,3
DA:128,1
DA:133,5
DA:134,5
DA:135,1
DA:138,4
DA:139,8
DA:141,4
DA:142,1
DA:145,3
DA:146,3
DA:147,3
DA:149,3
DA:152,1
DA:153,2
DA:154,11
DA:156,2
DA:157,1
DA:160,1
DA:161,1
DA:165,1
DA:166,1
DA:170,1
DA:171,1
DA:175,1
DA:176,0
DA:177,0
DA:181,1
DA:182,0
DA:183,0
DA:187,1
LF:85
LH:80
BRDA:8,0,0,1
BRDA:8,0,1,1
BRDA:9,1,0,1
BRDA:9,1,1,1
BRDA:36,2,0,21
BRDA:36,2,1,18
BRDA:38,3,0,3
BRDA:38,3,1,18
BRDA:43,4,0,1
BRDA:43,4,1,17
BRDA:58,5,0,2
BRDA:58,5,1,29
BRDA:65,6,0,1
BRDA:65,6,1,28
BRDA:70,7,0,1
BRDA:70,7,1,27
BRDA:98,8,0,11
BRDA:98,8,1,1
BRDA:100,9,0,2
BRDA:100,9,1,1
BRDA:112,10,0,3
BRDA:112,10,1,3
BRDA:116,11,0,2
BRDA:134,12,0,1
BRDA:134,12,1,4
BRDA:139,13,0,8
BRDA:139,13,1,3
BRDA:141,14,0,1
BRDA:141,14,1,3
BRDA:146,15,0,2
BRDA:146,15,1,1
BRDA:147,16,0,2
BRDA:147,16,1,1
BRDA:154,17,0,11
BRDA:154,17,1,1
BRDA:156,18,0,1
BRDA:156,18,1,1
BRDA:181,19,0,0
BRDA:181,19,1,1
BRF:39
BRH:38
end_of_record
